#
# A fatal error has been detected by the Java Runtime Environment:
#
#  Internal Error (classFileParser.cpp:3494), pid=6076, tid=5432
#  Error: ShouldNotReachHere()
#
# JRE version: 6.0_34-b04
# Java VM: Java HotSpot(TM) 64-Bit Server VM (20.9-b04 mixed mode windows-amd64 compressed oops)
# If you would like to submit a bug report, please visit:
#   http://java.sun.com/webapps/bugreport/crash.jsp
#

---------------  T H R E A D  ---------------

Current thread (0x000000000059b000):  JavaThread "Unknown thread" [_thread_in_vm, id=5432, stack(0x0000000002440000,0x0000000002540000)]

Stack: [0x0000000002440000,0x0000000002540000]
[error occurred during error reporting (printing stack bounds), id 0xc0000005]


---------------  P R O C E S S  ---------------

Java Threads: ( => current thread )

Other Threads:

=>0x000000000059b000 (exited) JavaThread "Unknown thread" [_thread_in_vm, id=5432, stack(0x0000000002440000,0x0000000002540000)]

VM state:not at safepoint (not fully initialized)

VM Mutex/Monitor currently owned by a thread: None

Dynamic libraries:
0x0000000000400000 - 0x000000000042f000 	C:\Program Files\Java\jre6\bin\javaw.exe
0x0000000077770000 - 0x000000007791c000 	C:\Windows\SYSTEM32\ntdll.dll
0x00000000772a0000 - 0x00000000773bf000 	C:\Windows\system32\kernel32.dll
0x000007fefdea0000 - 0x000007fefdf0c000 	C:\Windows\system32\KERNELBASE.dll
0x000007fefe6c0000 - 0x000007fefe79b000 	C:\Windows\system32\ADVAPI32.dll
0x000007fefe500000 - 0x000007fefe59f000 	C:\Windows\system32\msvcrt.dll
0x000007fefdfb0000 - 0x000007fefdfcf000 	C:\Windows\SYSTEM32\sechost.dll
0x000007fefe7a0000 - 0x000007fefe8ce000 	C:\Windows\system32\RPCRT4.dll
0x00000000773c0000 - 0x00000000774ba000 	C:\Windows\system32\USER32.dll
0x000007fefe150000 - 0x000007fefe1b7000 	C:\Windows\system32\GDI32.dll
0x000007fefe1c0000 - 0x000007fefe1ce000 	C:\Windows\system32\LPK.dll
0x000007feff890000 - 0x000007feff95a000 	C:\Windows\system32\USP10.dll
0x000007fefe250000 - 0x000007fefe27e000 	C:\Windows\system32\IMM32.DLL
0x000007fefe5a0000 - 0x000007fefe6a9000 	C:\Windows\system32\MSCTF.dll
0x000007fefdbc0000 - 0x000007fefdbe0000 	C:\Windows\system32\nvinitx.dll
0x000000006d800000 - 0x000000006dfb9000 	C:\Program Files\Java\jre6\bin\server\jvm.dll
0x000007fef83f0000 - 0x000007fef842b000 	C:\Windows\system32\WINMM.dll
0x000000006d770000 - 0x000000006d77e000 	C:\Program Files\Java\jre6\bin\verify.dll
0x000000006d3b0000 - 0x000000006d3d7000 	C:\Program Files\Java\jre6\bin\java.dll
0x000000006d7c0000 - 0x000000006d7d2000 	C:\Program Files\Java\jre6\bin\zip.dll
0x0000000077940000 - 0x0000000077947000 	C:\Windows\system32\PSAPI.DLL

VM Arguments:
jvm_args: -Dfile.encoding=UTF-8 -Xbootclasspath:D:\adt-bundle-windows-x86_64\adt-bundle-windows-x86_64\sdk\platforms\android-8\android.jar 
java_command: com.example.withschedule.socket.ServerMain
Launcher Type: SUN_STANDARD

Environment Variables:
PATH=C:\oraclexe\app\oracle\product\10.2.0\server\bin;C:\Windows\system32;C:\Windows;C:\Windows\System32\Wbem;C:\Windows\System32\WindowsPowerShell\v1.0\;C:\Program Files\WIDCOMM\Bluetooth Software\;C:\Program Files\WIDCOMM\Bluetooth Software\syswow64;PATH;C:\Program Files (x86)\Common Files\Acronis\SnapAPI\;C:\Program Files\Java\jdk1.6.0_34\bin;
USERNAME=Ham
OS=Windows_NT
PROCESSOR_IDENTIFIER=Intel64 Family 6 Model 37 Stepping 5, GenuineIntel



---------------  S Y S T E M  ---------------

OS: Windows 7 , 64 bit Build 7600 

CPU:total 4 (2 cores per cpu, 2 threads per core) family 6 model 37 stepping 5, cmov, cx8, fxsr, mmx, sse, sse2, sse3, ssse3, sse4.1, sse4.2, popcnt, ht

Memory: 4k page, physical 3977700k(1552692k free), swap 7953492k(4096168k free)

vm_info: Java HotSpot(TM) 64-Bit Server VM (20.9-b04) for windows-amd64 JRE (1.6.0_34-b04), built on Jul 19 2012 00:49:04 by "java_re" with MS VC++ 8.0 (VS2005)

time: Sun Apr 21 09:31:22 2013
elapsed time: 0 seconds

